<?xml version="1.0" encoding="UTF-8"?>
<testng-results skipped="0" failed="0" ignored="0" total="1" passed="1">
  <reporter-output>
  </reporter-output>
  <suite name="Default suite" duration-ms="3167" started-at="2020-05-08T13:14:35Z" finished-at="2020-05-08T13:14:39Z">
    <groups>
    </groups>
    <test name="Default test" duration-ms="3167" started-at="2020-05-08T13:14:35Z" finished-at="2020-05-08T13:14:39Z">
      <class name="com.qa.rest.tests.GETCallBDD">
        <test-method status="PASS" signature="test_numberOfCircuitsFor2017_Seacson()[pri:0, instance:com.qa.rest.tests.GETCallBDD@6767c1fc]" name="test_numberOfCircuitsFor2017_Seacson" duration-ms="3148" started-at="2020-05-08T13:14:35Z" finished-at="2020-05-08T13:14:39Z">
          <reporter-output>
          </reporter-output>
        </test-method> <!-- test_numberOfCircuitsFor2017_Seacson -->
      </class> <!-- com.qa.rest.tests.GETCallBDD -->
    </test> <!-- Default test -->
  </suite> <!-- Default suite -->
</testng-results>
